<?xml version="1.0" encoding="UTF-8"?>
<!-- Generated by org.testng.reporters.JUnitReportReporter -->
<testsuite hostname="DESKTOP-NO67EK8" failures="0" tests="3" name="Test.PersonalLoanNewUserTest" time="0.005" errors="0" timestamp="27 Feb 2024 21:08:35 GMT" skipped="0">
  <testcase classname="Test.PersonalLoanNewUserTest" name="MobileDeleteUser" time="0.001"/>
  <testcase classname="Test.PersonalLoanNewUserTest" name="WebCreateNewUser" time="0.002"/>
  <testcase classname="Test.PersonalLoanNewUserTest" name="MobileCreateNewUser" time="0.002"/>
</testsuite> <!-- Test.PersonalLoanNewUserTest -->
