<?xml version="1.0" encoding="UTF-8"?>
<!-- Generated by org.testng.reporters.JUnitReportReporter -->
<testsuite hostname="DESKTOP-NO67EK8" failures="0" tests="4" name="Test.PersonalLoanLoginTest" time="0.009" errors="0" timestamp="27 Feb 2024 21:08:35 GMT" skipped="0">
  <testcase classname="Test.PersonalLoanLoginTest" name="MobileLogout" time="0.001"/>
  <testcase classname="Test.PersonalLoanLoginTest" name="APILogin" time="0.005"/>
  <testcase classname="Test.PersonalLoanLoginTest" name="MobileLogin" time="0.001"/>
  <testcase classname="Test.PersonalLoanLoginTest" name="WebLogin" time="0.002"/>
</testsuite> <!-- Test.PersonalLoanLoginTest -->
